<?xml version="1.0" encoding="UTF-8"?>
<testng-results ignored="0" total="2" passed="2" failed="0" skipped="0">
  <reporter-output>
  </reporter-output>
  <suite started-at="2022-08-18T09:38:41Z" name="WordPress" finished-at="2022-08-18T09:38:56Z" duration-ms="14993">
    <groups>
    </groups>
    <test started-at="2022-08-18T09:38:41Z" name="Run on firefox" finished-at="2022-08-18T09:38:56Z" duration-ms="14993">
      <class name="admin.posts.PostsListTest">
        <test-method is-config="true" signature="beforeClass(java.lang.String)[pri:0, instance:admin.posts.PostsListTest@41e1e210]" started-at="2022-08-18T09:38:41Z" name="beforeClass" finished-at="2022-08-18T09:38:53Z" duration-ms="11923" status="PASS">
          <params>
            <param index="0">
              <value>
                <![CDATA[firefox]]>
              </value>
            </param>
          </params>
          <reporter-output>
          </reporter-output>
        </test-method> <!-- beforeClass -->
        <test-method signature="Post_List_01_Paging(java.lang.reflect.Method)[pri:0, instance:admin.posts.PostsListTest@41e1e210]" started-at="2022-08-18T09:38:53Z" name="Post_List_01_Paging" finished-at="2022-08-18T09:38:55Z" duration-ms="2345" status="PASS">
          <params>
            <param index="0">
              <value>
                <![CDATA[public void admin.posts.PostsListTest.Post_List_01_Paging(java.lang.reflect.Method)]]>
              </value>
            </param>
          </params>
          <reporter-output>
          </reporter-output>
        </test-method> <!-- Post_List_01_Paging -->
        <test-method signature="Post_List_02(java.lang.reflect.Method)[pri:0, instance:admin.posts.PostsListTest@41e1e210]" started-at="2022-08-18T09:38:55Z" name="Post_List_02" finished-at="2022-08-18T09:38:55Z" duration-ms="1" status="PASS">
          <params>
            <param index="0">
              <value>
                <![CDATA[public void admin.posts.PostsListTest.Post_List_02(java.lang.reflect.Method)]]>
              </value>
            </param>
          </params>
          <reporter-output>
          </reporter-output>
        </test-method> <!-- Post_List_02 -->
        <test-method is-config="true" signature="afterClass()[pri:0, instance:admin.posts.PostsListTest@41e1e210]" started-at="2022-08-18T09:38:55Z" name="afterClass" finished-at="2022-08-18T09:38:56Z" duration-ms="713" status="PASS">
          <reporter-output>
          </reporter-output>
        </test-method> <!-- afterClass -->
      </class> <!-- admin.posts.PostsListTest -->
    </test> <!-- Run on firefox -->
  </suite> <!-- WordPress -->
</testng-results>
