<?xml version="1.0" encoding="UTF-8"?>
<testng-results ignored="0" total="9" passed="9" failed="0" skipped="0">
  <reporter-output>
  </reporter-output>
  <suite started-at="2022-08-17T15:39:45Z" name="WordPress" finished-at="2022-08-17T15:40:40Z" duration-ms="54838">
    <groups>
    </groups>
    <test started-at="2022-08-17T15:39:45Z" name="Run on firefox" finished-at="2022-08-17T15:40:40Z" duration-ms="54838">
      <class name="admin.Post01FlowCreateEditDeleteTest">
        <test-method is-config="true" signature="beforeClass(java.lang.String)[pri:0, instance:admin.Post01FlowCreateEditDeleteTest@625732]" started-at="2022-08-17T15:39:45Z" name="beforeClass" finished-at="2022-08-17T15:39:57Z" duration-ms="11631" status="PASS">
          <params>
            <param index="0">
              <value>
                <![CDATA[firefox]]>
              </value>
            </param>
          </params>
          <reporter-output>
          </reporter-output>
        </test-method> <!-- beforeClass -->
        <test-method signature="Post_01_Add_New(java.lang.reflect.Method)[pri:0, instance:admin.Post01FlowCreateEditDeleteTest@625732]" started-at="2022-08-17T15:39:57Z" name="Post_01_Add_New" finished-at="2022-08-17T15:40:04Z" duration-ms="7415" status="PASS">
          <params>
            <param index="0">
              <value>
                <![CDATA[public void admin.Post01FlowCreateEditDeleteTest.Post_01_Add_New(java.lang.reflect.Method)]]>
              </value>
            </param>
          </params>
          <reporter-output>
          </reporter-output>
        </test-method> <!-- Post_01_Add_New -->
        <test-method signature="Post_02_Search_Created_Post_At_Admin_Site(java.lang.reflect.Method)[pri:0, instance:admin.Post01FlowCreateEditDeleteTest@625732]" started-at="2022-08-17T15:40:04Z" name="Post_02_Search_Created_Post_At_Admin_Site" finished-at="2022-08-17T15:40:10Z" duration-ms="5357" status="PASS">
          <params>
            <param index="0">
              <value>
                <![CDATA[public void admin.Post01FlowCreateEditDeleteTest.Post_02_Search_Created_Post_At_Admin_Site(java.lang.reflect.Method)]]>
              </value>
            </param>
          </params>
          <reporter-output>
          </reporter-output>
        </test-method> <!-- Post_02_Search_Created_Post_At_Admin_Site -->
        <test-method signature="Post_03_Verify_Created_Post_At_User_Site(java.lang.reflect.Method)[pri:0, instance:admin.Post01FlowCreateEditDeleteTest@625732]" started-at="2022-08-17T15:40:10Z" name="Post_03_Verify_Created_Post_At_User_Site" finished-at="2022-08-17T15:40:13Z" duration-ms="2829" status="PASS">
          <params>
            <param index="0">
              <value>
                <![CDATA[public void admin.Post01FlowCreateEditDeleteTest.Post_03_Verify_Created_Post_At_User_Site(java.lang.reflect.Method)]]>
              </value>
            </param>
          </params>
          <reporter-output>
          </reporter-output>
        </test-method> <!-- Post_03_Verify_Created_Post_At_User_Site -->
        <test-method signature="Post_04_Edit_Post(java.lang.reflect.Method)[pri:0, instance:admin.Post01FlowCreateEditDeleteTest@625732]" started-at="2022-08-17T15:40:13Z" name="Post_04_Edit_Post" finished-at="2022-08-17T15:40:21Z" duration-ms="8287" status="PASS">
          <params>
            <param index="0">
              <value>
                <![CDATA[public void admin.Post01FlowCreateEditDeleteTest.Post_04_Edit_Post(java.lang.reflect.Method)]]>
              </value>
            </param>
          </params>
          <reporter-output>
          </reporter-output>
        </test-method> <!-- Post_04_Edit_Post -->
        <test-method signature="Post_05_Search_Edited_Post_At_Admin_site(java.lang.reflect.Method)[pri:0, instance:admin.Post01FlowCreateEditDeleteTest@625732]" started-at="2022-08-17T15:40:21Z" name="Post_05_Search_Edited_Post_At_Admin_site" finished-at="2022-08-17T15:40:26Z" duration-ms="4887" status="PASS">
          <params>
            <param index="0">
              <value>
                <![CDATA[public void admin.Post01FlowCreateEditDeleteTest.Post_05_Search_Edited_Post_At_Admin_site(java.lang.reflect.Method)]]>
              </value>
            </param>
          </params>
          <reporter-output>
          </reporter-output>
        </test-method> <!-- Post_05_Search_Edited_Post_At_Admin_site -->
        <test-method signature="Post_06_Verify_Edited_Post_At_User_Site(java.lang.reflect.Method)[pri:0, instance:admin.Post01FlowCreateEditDeleteTest@625732]" started-at="2022-08-17T15:40:26Z" name="Post_06_Verify_Edited_Post_At_User_Site" finished-at="2022-08-17T15:40:27Z" duration-ms="1343" status="PASS">
          <params>
            <param index="0">
              <value>
                <![CDATA[public void admin.Post01FlowCreateEditDeleteTest.Post_06_Verify_Edited_Post_At_User_Site(java.lang.reflect.Method)]]>
              </value>
            </param>
          </params>
          <reporter-output>
          </reporter-output>
        </test-method> <!-- Post_06_Verify_Edited_Post_At_User_Site -->
        <test-method signature="Post_07_Delete_Post(java.lang.reflect.Method)[pri:0, instance:admin.Post01FlowCreateEditDeleteTest@625732]" started-at="2022-08-17T15:40:27Z" name="Post_07_Delete_Post" finished-at="2022-08-17T15:40:30Z" duration-ms="2935" status="PASS">
          <params>
            <param index="0">
              <value>
                <![CDATA[public void admin.Post01FlowCreateEditDeleteTest.Post_07_Delete_Post(java.lang.reflect.Method)]]>
              </value>
            </param>
          </params>
          <reporter-output>
          </reporter-output>
        </test-method> <!-- Post_07_Delete_Post -->
        <test-method signature="Post_08_Search_Deleted_Post_At_Admin_Site(java.lang.reflect.Method)[pri:0, instance:admin.Post01FlowCreateEditDeleteTest@625732]" started-at="2022-08-17T15:40:30Z" name="Post_08_Search_Deleted_Post_At_Admin_Site" finished-at="2022-08-17T15:40:33Z" duration-ms="3060" status="PASS">
          <params>
            <param index="0">
              <value>
                <![CDATA[public void admin.Post01FlowCreateEditDeleteTest.Post_08_Search_Deleted_Post_At_Admin_Site(java.lang.reflect.Method)]]>
              </value>
            </param>
          </params>
          <reporter-output>
          </reporter-output>
        </test-method> <!-- Post_08_Search_Deleted_Post_At_Admin_Site -->
        <test-method signature="Post_09_Search_Deleted_Post_At_User_Site(java.lang.reflect.Method)[pri:0, instance:admin.Post01FlowCreateEditDeleteTest@625732]" started-at="2022-08-17T15:40:33Z" name="Post_09_Search_Deleted_Post_At_User_Site" finished-at="2022-08-17T15:40:39Z" duration-ms="6330" status="PASS">
          <params>
            <param index="0">
              <value>
                <![CDATA[public void admin.Post01FlowCreateEditDeleteTest.Post_09_Search_Deleted_Post_At_User_Site(java.lang.reflect.Method)]]>
              </value>
            </param>
          </params>
          <reporter-output>
          </reporter-output>
        </test-method> <!-- Post_09_Search_Deleted_Post_At_User_Site -->
        <test-method is-config="true" signature="afterClass()[pri:0, instance:admin.Post01FlowCreateEditDeleteTest@625732]" started-at="2022-08-17T15:40:39Z" name="afterClass" finished-at="2022-08-17T15:40:40Z" duration-ms="744" status="PASS">
          <reporter-output>
          </reporter-output>
        </test-method> <!-- afterClass -->
      </class> <!-- admin.Post01FlowCreateEditDeleteTest -->
    </test> <!-- Run on firefox -->
  </suite> <!-- WordPress -->
</testng-results>
